[2025-04-04 14:06:32 +0000] [3198] [INFO] Starting gunicorn 23.0.0
[2025-04-04 14:06:32 +0000] [3198] [INFO] Listening at: http://0.0.0.0:8000 (3198)
[2025-04-04 14:06:32 +0000] [3198] [INFO] Using worker: sync
[2025-04-04 14:06:32 +0000] [3199] [INFO] Booting worker with pid: 3199
[2025-04-04 14:06:32 +0000] [3200] [INFO] Booting worker with pid: 3200
[2025-04-04 14:06:32 +0000] [3201] [INFO] Booting worker with pid: 3201
[2025-04-04 14:06:43 +0000] [3198] [INFO] Handling signal: winch
[2025-04-04 14:08:05 +0000] [3198] [INFO] Handling signal: int
[2025-04-04 14:08:05 +0000] [3200] [INFO] Worker exiting (pid: 3200)
[2025-04-04 14:08:05 +0000] [3199] [INFO] Worker exiting (pid: 3199)
[2025-04-04 14:08:05 +0000] [3201] [INFO] Worker exiting (pid: 3201)
[2025-04-04 14:08:05 +0000] [3198] [INFO] Shutting down: Master
[2025-04-04 14:08:07 +0000] [3265] [INFO] Starting gunicorn 23.0.0
[2025-04-04 14:08:07 +0000] [3265] [INFO] Listening at: http://0.0.0.0:8000 (3265)
[2025-04-04 14:08:07 +0000] [3265] [INFO] Using worker: sync
[2025-04-04 14:08:07 +0000] [3266] [INFO] Booting worker with pid: 3266
[2025-04-04 14:08:07 +0000] [3267] [INFO] Booting worker with pid: 3267
[2025-04-04 14:08:07 +0000] [3268] [INFO] Booting worker with pid: 3268
[2025-04-04 14:10:12 +0000] [3265] [INFO] Handling signal: int
[2025-04-04 14:10:12 +0000] [3267] [INFO] Worker exiting (pid: 3267)
[2025-04-04 14:10:12 +0000] [3266] [INFO] Worker exiting (pid: 3266)
[2025-04-04 14:10:12 +0000] [3268] [INFO] Worker exiting (pid: 3268)
[2025-04-04 14:10:12 +0000] [3265] [INFO] Shutting down: Master
[2025-04-04 14:14:41 +0000] [4512] [INFO] Starting gunicorn 23.0.0
[2025-04-04 14:14:41 +0000] [4512] [INFO] Listening at: http://0.0.0.0:8000 (4512)
[2025-04-04 14:14:41 +0000] [4512] [INFO] Using worker: sync
[2025-04-04 14:14:41 +0000] [4513] [INFO] Booting worker with pid: 4513
[2025-04-04 14:14:41 +0000] [4514] [INFO] Booting worker with pid: 4514
[2025-04-04 14:14:41 +0000] [4515] [INFO] Booting worker with pid: 4515
[2025-04-04 14:18:14 +0000] [4512] [INFO] Handling signal: int
[2025-04-04 14:18:14 +0000] [4514] [INFO] Worker exiting (pid: 4514)
[2025-04-04 14:18:14 +0000] [4515] [INFO] Worker exiting (pid: 4515)
[2025-04-04 14:18:14 +0000] [4513] [INFO] Worker exiting (pid: 4513)
[2025-04-04 14:18:14 +0000] [4512] [INFO] Shutting down: Master
